*** Using Compiler 'V5.06 update 7 (build 960)', folder: 'E:\electronic engineering\software\Keil_v5\ARM\ARMCC\Bin'
Rebuild target 'servo-console_button-control'
assembling startup_stm32f103xb.s...
compiling filter.c...
compiling main.c...
compiling adc.c...
compiling stm32f1xx_hal_msp.c...
compiling usart.c...
compiling gpio.c...
compiling tim.c...
compiling stm32f1xx_hal_gpio_ex.c...
compiling stm32f1xx_hal_rcc_ex.c...
compiling dma.c...
compiling stm32f1xx_hal_pwr.c...
compiling MPU6050.c...
compiling i2c.c...
compiling stm32f1xx_it.c...
compiling stm32f1xx_hal_exti.c...
compiling stm32f1xx_hal_flash_ex.c...
compiling stm32f1xx_hal_dma.c...
compiling stm32f1xx_hal.c...
compiling stm32f1xx_hal_gpio.c...
compiling stm32f1xx_hal_flash.c...
compiling stm32f1xx_hal_cortex.c...
compiling stm32f1xx_hal_adc_ex.c...
compiling stm32f1xx_hal_rcc.c...
compiling stm32f1xx_hal_adc.c...
compiling system_stm32f1xx.c...
compiling stm32f1xx_hal_tim_ex.c...
compiling stm32f1xx_hal_uart.c...
compiling stm32f1xx_hal_i2c.c...
compiling stm32f1xx_hal_tim.c...
linking...
Program Size: Code=18600 RO-data=488 RW-data=132 ZI-data=1508  
FromELF: creating hex file...
"servo-console_button-control\servo-console_button-control.axf" - 0 Error(s), 0 Warning(s).
Build Time Elapsed:  00:00:04
